<?xml version="1.0" encoding="UTF-8"?>
<!-- Generated by org.testng.reporters.JUnitReportReporter -->
<testsuite hostname="ENCDXPAHDLT0090" failures="0" tests="2" name="GenericPackage.BaseClass" time="0.807" errors="0" timestamp="2023-02-28T21:56:37 IST" skipped="0">
  <testcase classname="GenericPackage.BaseClass" name="verifyTitle" time="0.008"/>
  <system-out/>
  <testcase classname="GenericPackage.BaseClass" name="navigateURL" time="0.799"/>
  <system-out/>
</testsuite> <!-- GenericPackage.BaseClass -->
