<?xml version="1.0" encoding="UTF-8"?>
<!-- Generated by org.testng.reporters.JUnitReportReporter -->
<testsuite hostname="ENCDXPAHDLT0090" failures="0" tests="2" name="testNGFramework.tests.LoginToHome" time="0.604" errors="0" timestamp="2023-02-28T21:14:58 IST" skipped="0">
  <testcase classname="testNGFramework.tests.LoginToHome" name="navigateURL" time="0.597"/>
  <system-out/>
  <testcase classname="testNGFramework.tests.LoginToHome" name="verifyTitle" time="0.007"/>
  <system-out/>
</testsuite> <!-- testNGFramework.tests.LoginToHome -->
