<?xml version="1.0" encoding="UTF-8"?>
<!-- Generated by org.testng.reporters.JUnitReportReporter -->
<testsuite hostname="ENCDXPAHDLT0090" failures="0" tests="2" name="GenericPackage.BaseClass" time="0.883" errors="0" timestamp="2023-03-01T16:23:46 IST" skipped="0">
  <testcase classname="GenericPackage.BaseClass" name="navigateURL" time="0.866"/>
  <system-out/>
  <testcase classname="GenericPackage.BaseClass" name="verifyTitle" time="0.017"/>
  <system-out/>
</testsuite> <!-- GenericPackage.BaseClass -->
