<?xml version="1.0" encoding="UTF-8"?>
<!-- Generated by org.testng.reporters.JUnitReportReporter -->
<testsuite hostname="ENCDXPAHDLT0090" failures="0" tests="2" name="GenericPackage.BaseClass" time="11.598" errors="0" timestamp="1 Mar 2023 11:04:24 GMT">
  <testcase classname="GenericPackage.BaseClass" name="navigateURL" time="11.590"/>
  <testcase classname="GenericPackage.BaseClass" name="verifyTitle" time="0.008"/>
</testsuite>
