<?xml version="1.0" encoding="UTF-8"?>
<!-- Generated by org.testng.reporters.JUnitReportReporter -->
<testsuite hostname="ENCDXPAHDLT0090" failures="0" tests="2" name="GenericPackage.BaseClass" time="0.845" errors="0" timestamp="28 Feb 2023 16:46:28 GMT">
  <testcase classname="GenericPackage.BaseClass" name="verifyTitle" time="0.012"/>
  <testcase classname="GenericPackage.BaseClass" name="navigateURL" time="0.833"/>
</testsuite>
